<?xml version="1.0" encoding="UTF-8"?>
<!-- Generated by org.testng.reporters.JUnitReportReporter -->
<testsuite hostname="Manisha" failures="0" tests="1" name="com.monkBot.testcases.Login" time="4.799" errors="0" timestamp="03 Aug 2022 03:42:04 GMT" skipped="0">
  <testcase classname="com.monkBot.testcases.Login" name="loginFunction" time="4.799"/>
</testsuite> <!-- com.monkBot.testcases.Login -->
